  ProyectoFinal.cpp
C:\Users\nelly\Desktop\Repositorio\316328667_PROYECTO_GPO12\ProyectoFinal\ProyectoFinal\ProyectoFinal.cpp(258,30): warning C4244: 'inicializando': conversión de 'double' a 'GLfloat'; posible pérdida de datos
C:\Users\nelly\Desktop\Repositorio\316328667_PROYECTO_GPO12\ProyectoFinal\ProyectoFinal\ProyectoFinal.cpp(431,29): warning C4244: '=': conversión de 'double' a 'float'; posible pérdida de datos
C:\Users\nelly\Desktop\Repositorio\316328667_PROYECTO_GPO12\ProyectoFinal\ProyectoFinal\ProyectoFinal.cpp(454,29): warning C4244: '=': conversión de 'double' a 'float'; posible pérdida de datos
C:\Users\nelly\Desktop\Repositorio\316328667_PROYECTO_GPO12\ProyectoFinal\ProyectoFinal\ProyectoFinal.cpp(479,29): warning C4244: '=': conversión de 'double' a 'float'; posible pérdida de datos
C:\Users\nelly\Desktop\Repositorio\316328667_PROYECTO_GPO12\ProyectoFinal\ProyectoFinal\ProyectoFinal.cpp(245,38): warning C4101: 'nrChannels': variable local sin referencia
C:\Users\nelly\Desktop\Repositorio\316328667_PROYECTO_GPO12\ProyectoFinal\ProyectoFinal\ProyectoFinal.cpp(245,9): warning C4101: 'textureWidth': variable local sin referencia
C:\Users\nelly\Desktop\Repositorio\316328667_PROYECTO_GPO12\ProyectoFinal\ProyectoFinal\ProyectoFinal.cpp(247,20): warning C4101: 'image': variable local sin referencia
C:\Users\nelly\Desktop\Repositorio\316328667_PROYECTO_GPO12\ProyectoFinal\ProyectoFinal\ProyectoFinal.cpp(245,23): warning C4101: 'textureHeight': variable local sin referencia
C:\Users\nelly\Desktop\Repositorio\316328667_PROYECTO_GPO12\ProyectoFinal\ProyectoFinal\ProyectoFinal.cpp(676,17): warning C4244: '=': conversión de 'double' a 'GLfloat'; posible pérdida de datos
C:\Users\nelly\Desktop\Repositorio\316328667_PROYECTO_GPO12\ProyectoFinal\ProyectoFinal\ProyectoFinal.cpp(677,17): warning C4244: '=': conversión de 'double' a 'GLfloat'; posible pérdida de datos
C:\Users\nelly\Desktop\Repositorio\316328667_PROYECTO_GPO12\ProyectoFinal\ProyectoFinal\ProyectoFinal.cpp(681,21): warning C4244: 'inicializando': conversión de 'double' a 'GLfloat'; posible pérdida de datos
C:\Users\nelly\Desktop\Repositorio\316328667_PROYECTO_GPO12\ProyectoFinal\ProyectoFinal\ProyectoFinal.cpp(682,21): warning C4244: 'inicializando': conversión de 'double' a 'GLfloat'; posible pérdida de datos
C:\Users\nelly\Desktop\Repositorio\316328667_PROYECTO_GPO12\ProyectoFinal\ProyectoFinal\ProyectoFinal.cpp(684,13): warning C4244: '=': conversión de 'double' a 'GLfloat'; posible pérdida de datos
C:\Users\nelly\Desktop\Repositorio\316328667_PROYECTO_GPO12\ProyectoFinal\ProyectoFinal\ProyectoFinal.cpp(685,13): warning C4244: '=': conversión de 'double' a 'GLfloat'; posible pérdida de datos
soil2-debug.lib(SOIL2.obj) : warning LNK4075: se omite '/EDITANDCONTINUE' debido a la especificación '/OPT:ICF'
LINK : warning LNK4098: la biblioteca predeterminada'MSVCRTD' entra en conflicto con otras bibliotecas; use la biblioteca /NODEFAULTLIB:biblioteca
  Generando código
  Previous IPDB not found, fall back to full compilation.
  All 610 functions were compiled because no usable IPDB/IOBJ from previous compilation was found.
  Generación de código finalizada
soil2-debug.lib(etc1_utils.obj) : warning LNK4099: no se encontró PDB 'soil2-debug.pdb' con 'soil2-debug.lib(etc1_utils.obj)' o en 'C:\Users\nelly\Desktop\Repositorio\316328667_PROYECTO_GPO12\ProyectoFinal\Release\soil2-debug.pdb'; se vinculará el objeto sin tener en cuenta información de depuración
soil2-debug.lib(image_DXT.obj) : warning LNK4099: no se encontró PDB 'soil2-debug.pdb' con 'soil2-debug.lib(image_DXT.obj)' o en 'C:\Users\nelly\Desktop\Repositorio\316328667_PROYECTO_GPO12\ProyectoFinal\Release\soil2-debug.pdb'; se vinculará el objeto sin tener en cuenta información de depuración
soil2-debug.lib(image_helper.obj) : warning LNK4099: no se encontró PDB 'soil2-debug.pdb' con 'soil2-debug.lib(image_helper.obj)' o en 'C:\Users\nelly\Desktop\Repositorio\316328667_PROYECTO_GPO12\ProyectoFinal\Release\soil2-debug.pdb'; se vinculará el objeto sin tener en cuenta información de depuración
soil2-debug.lib(SOIL2.obj) : warning LNK4099: no se encontró PDB 'soil2-debug.pdb' con 'soil2-debug.lib(SOIL2.obj)' o en 'C:\Users\nelly\Desktop\Repositorio\316328667_PROYECTO_GPO12\ProyectoFinal\Release\soil2-debug.pdb'; se vinculará el objeto sin tener en cuenta información de depuración
  ProyectoFinal.vcxproj -> C:\Users\nelly\Desktop\Repositorio\316328667_PROYECTO_GPO12\ProyectoFinal\Release\ProyectoFinal.exe
